  [1m[35m (2.0ms)[0m  [1m[35mCREATE DATABASE "react_rails_api_project_template_development" ENCODING = 'unicode'[0m
  [1m[35m (0.8ms)[0m  [1m[35mCREATE DATABASE "react_rails_api_project_template_test" ENCODING = 'unicode'[0m
  [1m[35m (0.9ms)[0m  [1m[35mCREATE DATABASE "react_rails_api_project_template_development" ENCODING = 'unicode'[0m
  [1m[35m (0.4ms)[0m  [1m[35mCREATE DATABASE "react_rails_api_project_template_test" ENCODING = 'unicode'[0m
  [1m[35m (11.6ms)[0m  [1m[34mSELECT pg_try_advisory_lock(1087325618115650655)[0m
  [1m[35m (2.9ms)[0m  [1m[34mSELECT "schema_migrations"."version" FROM "schema_migrations" ORDER BY "schema_migrations"."version" ASC[0m
Migrating to CreateUsers (20210820160945)
  [1m[36mTRANSACTION (1.3ms)[0m  [1m[35mBEGIN[0m
  [1m[35m (24.3ms)[0m  [1m[35mCREATE TABLE "users" ("id" bigserial primary key, "name" character varying, "username" character varying, "email" character varying, "password_digest" character varying, "created_at" timestamp(6) NOT NULL, "updated_at" timestamp(6) NOT NULL)[0m
  [1m[36mTRANSACTION (0.1ms)[0m  [1m[31mROLLBACK[0m
  [1m[35m (0.2ms)[0m  [1m[34mSELECT pg_advisory_unlock(1087325618115650655)[0m
  [1m[35m (0.2ms)[0m  [1m[34mSELECT pg_try_advisory_lock(1087325618115650655)[0m
  [1m[35m (1.0ms)[0m  [1m[34mSELECT "schema_migrations"."version" FROM "schema_migrations" ORDER BY "schema_migrations"."version" ASC[0m
Migrating to CreateUsers (20210820160945)
  [1m[36mTRANSACTION (0.4ms)[0m  [1m[35mBEGIN[0m
  [1m[35m (26.9ms)[0m  [1m[35mCREATE TABLE "users" ("id" bigserial primary key, "name" character varying, "username" character varying, "email" character varying, "password_digest" character varying, "created_at" timestamp(6) NOT NULL, "updated_at" timestamp(6) NOT NULL)[0m
  [1m[36mTRANSACTION (0.5ms)[0m  [1m[31mROLLBACK[0m
  [1m[35m (0.3ms)[0m  [1m[34mSELECT pg_advisory_unlock(1087325618115650655)[0m
  [1m[35m (239.2ms)[0m  [1m[35mCREATE DATABASE "react_rails_api_project_template_development" ENCODING = 'unicode'[0m
  [1m[35m (163.4ms)[0m  [1m[35mCREATE DATABASE "react_rails_api_project_template_test" ENCODING = 'unicode'[0m
  [1m[35m (59.6ms)[0m  [1m[35mCREATE TABLE "schema_migrations" ("version" character varying NOT NULL PRIMARY KEY)[0m
  [1m[35m (29.5ms)[0m  [1m[35mCREATE TABLE "ar_internal_metadata" ("key" character varying NOT NULL PRIMARY KEY, "value" character varying, "created_at" timestamp(6) NOT NULL, "updated_at" timestamp(6) NOT NULL)[0m
  [1m[35m (1.9ms)[0m  [1m[34mSELECT pg_try_advisory_lock(1087325618115650655)[0m
  [1m[35m (0.5ms)[0m  [1m[34mSELECT "schema_migrations"."version" FROM "schema_migrations" ORDER BY "schema_migrations"."version" ASC[0m
Migrating to CreateUsers (20210820160945)
  [1m[36mTRANSACTION (0.6ms)[0m  [1m[35mBEGIN[0m
  [1m[35m (41.6ms)[0m  [1m[35mCREATE TABLE "users" ("id" bigserial primary key, "name" character varying, "username" character varying, "email" character varying, "password_digest" character varying, "created_at" timestamp(6) NOT NULL, "updated_at" timestamp(6) NOT NULL)[0m
  [1m[36mActiveRecord::SchemaMigration Create (11.5ms)[0m  [1m[32mINSERT INTO "schema_migrations" ("version") VALUES ($1) RETURNING "version"[0m  [["version", "20210820160945"]]
  [1m[36mTRANSACTION (6.0ms)[0m  [1m[35mCOMMIT[0m
Migrating to CreatePedalboards (20210820162143)
  [1m[35m (26.8ms)[0m  [1m[34mSELECT pg_advisory_unlock(1087325618115650655)[0m
  [1m[35m (0.2ms)[0m  [1m[34mSELECT pg_try_advisory_lock(1087325618115650655)[0m
  [1m[35m (2.1ms)[0m  [1m[34mSELECT "schema_migrations"."version" FROM "schema_migrations" ORDER BY "schema_migrations"."version" ASC[0m
Migrating to CreatePedalboards (20210820162143)
  [1m[36mTRANSACTION (0.6ms)[0m  [1m[35mBEGIN[0m
  [1m[35m (46.9ms)[0m  [1m[35mCREATE TABLE "pedalboards" ("id" bigserial primary key, "name" character varying, "stereo" boolean, "pedal_order" integer[], "user_id" bigint NOT NULL, "created_at" timestamp(6) NOT NULL, "updated_at" timestamp(6) NOT NULL, CONSTRAINT "fk_rails_cb59ee98ab"
FOREIGN KEY ("user_id")
  REFERENCES "users" ("id")
)[0m
  [1m[35m (2.5ms)[0m  [1m[35mCREATE INDEX "index_pedalboards_on_user_id" ON "pedalboards" ("user_id")[0m
  [1m[36mActiveRecord::SchemaMigration Create (7.2ms)[0m  [1m[32mINSERT INTO "schema_migrations" ("version") VALUES ($1) RETURNING "version"[0m  [["version", "20210820162143"]]
  [1m[36mTRANSACTION (1.0ms)[0m  [1m[35mCOMMIT[0m
Migrating to CreatePedalboardPedals (20210820162314)
  [1m[36mTRANSACTION (18.4ms)[0m  [1m[35mBEGIN[0m
  [1m[35m (42.2ms)[0m  [1m[35mCREATE TABLE "pedalboard_pedals" ("id" bigserial primary key, "pedalboard_id" bigint NOT NULL, "pedal_id" bigint NOT NULL, "created_at" timestamp(6) NOT NULL, "updated_at" timestamp(6) NOT NULL, CONSTRAINT "fk_rails_cba96ebfb8"
FOREIGN KEY ("pedalboard_id")
  REFERENCES "pedalboards" ("id")
, CONSTRAINT "fk_rails_a47f42a76f"
FOREIGN KEY ("pedal_id")
  REFERENCES "pedals" ("id")
)[0m
  [1m[36mTRANSACTION (0.1ms)[0m  [1m[31mROLLBACK[0m
  [1m[35m (0.3ms)[0m  [1m[34mSELECT pg_advisory_unlock(1087325618115650655)[0m
  [1m[35m (5.3ms)[0m  [1m[34mSELECT pg_try_advisory_lock(1087325618115650655)[0m
  [1m[35m (1.8ms)[0m  [1m[34mSELECT "schema_migrations"."version" FROM "schema_migrations" ORDER BY "schema_migrations"."version" ASC[0m
Migrating to CreatePedals (20210820162314)
  [1m[36mTRANSACTION (15.0ms)[0m  [1m[35mBEGIN[0m
  [1m[35m (32.3ms)[0m  [1m[35mCREATE TABLE "pedals" ("id" bigserial primary key, "name" character varying, "effect_type" character varying, "price" integer, "stereo" boolean, "number_of_inputs" integer, "number_of_outputs" integer, "image" character varying, "category" character varying, "created_at" timestamp(6) NOT NULL, "updated_at" timestamp(6) NOT NULL)[0m
  [1m[36mActiveRecord::SchemaMigration Create (0.6ms)[0m  [1m[32mINSERT INTO "schema_migrations" ("version") VALUES ($1) RETURNING "version"[0m  [["version", "20210820162314"]]
  [1m[36mTRANSACTION (3.7ms)[0m  [1m[35mCOMMIT[0m
Migrating to CreatePedalboardPedals (20210820163356)
  [1m[36mTRANSACTION (2.8ms)[0m  [1m[35mBEGIN[0m
  [1m[35m (26.5ms)[0m  [1m[35mCREATE TABLE "pedalboard_pedals" ("id" bigserial primary key, "pedalboard_id" bigint NOT NULL, "pedal_id" bigint NOT NULL, "created_at" timestamp(6) NOT NULL, "updated_at" timestamp(6) NOT NULL, CONSTRAINT "fk_rails_cba96ebfb8"
FOREIGN KEY ("pedalboard_id")
  REFERENCES "pedalboards" ("id")
, CONSTRAINT "fk_rails_a47f42a76f"
FOREIGN KEY ("pedal_id")
  REFERENCES "pedals" ("id")
)[0m
  [1m[35m (6.9ms)[0m  [1m[35mCREATE INDEX "index_pedalboard_pedals_on_pedalboard_id" ON "pedalboard_pedals" ("pedalboard_id")[0m
  [1m[35m (2.3ms)[0m  [1m[35mCREATE INDEX "index_pedalboard_pedals_on_pedal_id" ON "pedalboard_pedals" ("pedal_id")[0m
  [1m[36mActiveRecord::SchemaMigration Create (0.8ms)[0m  [1m[32mINSERT INTO "schema_migrations" ("version") VALUES ($1) RETURNING "version"[0m  [["version", "20210820163356"]]
  [1m[36mTRANSACTION (35.8ms)[0m  [1m[35mCOMMIT[0m
  [1m[36mActiveRecord::InternalMetadata Load (0.7ms)[0m  [1m[34mSELECT "ar_internal_metadata".* FROM "ar_internal_metadata" WHERE "ar_internal_metadata"."key" = $1 LIMIT $2[0m  [["key", "environment"], ["LIMIT", 1]]
  [1m[36mTRANSACTION (0.6ms)[0m  [1m[35mBEGIN[0m
  [1m[36mActiveRecord::InternalMetadata Create (1.7ms)[0m  [1m[32mINSERT INTO "ar_internal_metadata" ("key", "value", "created_at", "updated_at") VALUES ($1, $2, $3, $4) RETURNING "key"[0m  [["key", "environment"], ["value", "development"], ["created_at", "2021-08-23 17:02:43.574320"], ["updated_at", "2021-08-23 17:02:43.574320"]]
  [1m[36mTRANSACTION (0.5ms)[0m  [1m[35mCOMMIT[0m
  [1m[35m (0.3ms)[0m  [1m[34mSELECT pg_advisory_unlock(1087325618115650655)[0m
  [1m[35m (0.7ms)[0m  [1m[34mSELECT "schema_migrations"."version" FROM "schema_migrations" ORDER BY "schema_migrations"."version" ASC[0m
  [1m[35m (0.6ms)[0m  [1m[34mSELECT "schema_migrations"."version" FROM "schema_migrations" ORDER BY "schema_migrations"."version" ASC[0m
  [1m[36mUser Load (0.7ms)[0m  [1m[34mSELECT "users".* FROM "users"[0m
  [1m[36mPedal Load (0.5ms)[0m  [1m[34mSELECT "pedals".* FROM "pedals"[0m
  [1m[36mTRANSACTION (0.2ms)[0m  [1m[35mBEGIN[0m
  [1m[36mUser Create (12.6ms)[0m  [1m[32mINSERT INTO "users" ("name", "username", "email", "password_digest", "created_at", "updated_at") VALUES ($1, $2, $3, $4, $5, $6) RETURNING "id"[0m  [["name", "Dan"], ["username", "DannyLeeBeasley"], ["email", "dannyleebeasley@gmail.com"], ["password_digest", "TrickyPassword13!"], ["created_at", "2021-08-23 17:02:43.964741"], ["updated_at", "2021-08-23 17:02:43.964741"]]
  [1m[36mTRANSACTION (0.5ms)[0m  [1m[35mCOMMIT[0m
  [1m[36mTRANSACTION (8.2ms)[0m  [1m[35mBEGIN[0m
  [1m[36mUser Create (0.5ms)[0m  [1m[32mINSERT INTO "users" ("name", "username", "email", "password_digest", "created_at", "updated_at") VALUES ($1, $2, $3, $4, $5, $6) RETURNING "id"[0m  [["name", "Gwyniver"], ["username", "GwnyniverRhy"], ["email", "gwyniver.rhy@gmail.com"], ["password_digest", "NeverGuess27!"], ["created_at", "2021-08-23 17:02:43.984141"], ["updated_at", "2021-08-23 17:02:43.984141"]]
  [1m[36mTRANSACTION (0.5ms)[0m  [1m[35mCOMMIT[0m
  [1m[36mTRANSACTION (0.7ms)[0m  [1m[35mBEGIN[0m
  [1m[36mPedal Create (1.8ms)[0m  [1m[32mINSERT INTO "pedals" ("name", "effect_type", "price", "stereo", "number_of_inputs", "number_of_outputs", "image", "category", "created_at", "updated_at") VALUES ($1, $2, $3, $4, $5, $6, $7, $8, $9, $10) RETURNING "id"[0m  [["name", "Ibanez TS808 Tube Screamer"], ["effect_type", "overdrive"], ["price", 100], ["stereo", false], ["number_of_inputs", 1], ["number_of_outputs", 1], ["image", "https://m.media-amazon.com/images/I/713LJ9zI96L._AC_SS450_.jpg"], ["category", "gain"], ["created_at", "2021-08-23 17:02:44.113509"], ["updated_at", "2021-08-23 17:02:44.113509"]]
  [1m[36mTRANSACTION (13.0ms)[0m  [1m[35mCOMMIT[0m
  [1m[36mTRANSACTION (0.7ms)[0m  [1m[35mBEGIN[0m
  [1m[36mPedal Create (0.8ms)[0m  [1m[32mINSERT INTO "pedals" ("name", "effect_type", "price", "stereo", "number_of_inputs", "number_of_outputs", "image", "category", "created_at", "updated_at") VALUES ($1, $2, $3, $4, $5, $6, $7, $8, $9, $10) RETURNING "id"[0m  [["name", "Fulltone OCD V2"], ["effect_type", "overdrive"], ["price", 140], ["stereo", false], ["number_of_inputs", 1], ["number_of_outputs", 1], ["image", "https://cdn.shopify.com/s/files/1/2161/9961/products/Fulltone-effect-OCD.jpg?v=1520232597"], ["category", "gain"], ["created_at", "2021-08-23 17:02:44.141141"], ["updated_at", "2021-08-23 17:02:44.141141"]]
  [1m[36mTRANSACTION (5.7ms)[0m  [1m[35mCOMMIT[0m
  [1m[36mTRANSACTION (0.3ms)[0m  [1m[35mBEGIN[0m
  [1m[36mPedal Create (0.5ms)[0m  [1m[32mINSERT INTO "pedals" ("name", "effect_type", "price", "stereo", "number_of_inputs", "number_of_outputs", "image", "category", "created_at", "updated_at") VALUES ($1, $2, $3, $4, $5, $6, $7, $8, $9, $10) RETURNING "id"[0m  [["name", "Boss DD-8 Digital Delay"], ["effect_type", "delay"], ["price", 170], ["stereo", true], ["number_of_inputs", 2], ["number_of_outputs", 2], ["image", "https://media.guitarcenter.com/is/image/MMGS7/DD-8-Digital-Delay-Effects-Pedal/L70091000000000-00-500x500.jpg"], ["category", "time"], ["created_at", "2021-08-23 17:02:44.205485"], ["updated_at", "2021-08-23 17:02:44.205485"]]
  [1m[36mTRANSACTION (6.1ms)[0m  [1m[35mCOMMIT[0m
  [1m[36mTRANSACTION (1.0ms)[0m  [1m[35mBEGIN[0m
  [1m[36mPedal Create (1.0ms)[0m  [1m[32mINSERT INTO "pedals" ("name", "effect_type", "price", "stereo", "number_of_inputs", "number_of_outputs", "image", "category", "created_at", "updated_at") VALUES ($1, $2, $3, $4, $5, $6, $7, $8, $9, $10) RETURNING "id"[0m  [["name", "Electro-Harmonix Holy Grail"], ["effect_type", "reverb"], ["price", 130], ["stereo", false], ["number_of_inputs", 1], ["number_of_outputs", 1], ["image", "https://www.bhphotovideo.com/images/images500x500/electro_harmonix_nholygrail_holy_grail_neo_digital_1135939.jpg"], ["category", "time"], ["created_at", "2021-08-23 17:02:44.229257"], ["updated_at", "2021-08-23 17:02:44.229257"]]
  [1m[36mTRANSACTION (6.3ms)[0m  [1m[35mCOMMIT[0m
  [1m[36mTRANSACTION (0.2ms)[0m  [1m[35mBEGIN[0m
  [1m[36mPedal Create (0.4ms)[0m  [1m[32mINSERT INTO "pedals" ("name", "effect_type", "price", "stereo", "number_of_inputs", "number_of_outputs", "image", "category", "created_at", "updated_at") VALUES ($1, $2, $3, $4, $5, $6, $7, $8, $9, $10) RETURNING "id"[0m  [["name", "Boss CE-5 Chorus Ensemble"], ["effect_type", "chorus"], ["price", 130], ["stereo", true], ["number_of_inputs", 1], ["number_of_outputs", 2], ["image", "https://static.roland.com/assets/images/products/gallery/ce_5_top_gal.jpg"], ["category", "modulation"], ["created_at", "2021-08-23 17:02:44.245822"], ["updated_at", "2021-08-23 17:02:44.245822"]]
  [1m[36mTRANSACTION (7.8ms)[0m  [1m[35mCOMMIT[0m
  [1m[36mTRANSACTION (0.3ms)[0m  [1m[35mBEGIN[0m
  [1m[36mPedal Create (0.5ms)[0m  [1m[32mINSERT INTO "pedals" ("name", "effect_type", "price", "stereo", "number_of_inputs", "number_of_outputs", "image", "category", "created_at", "updated_at") VALUES ($1, $2, $3, $4, $5, $6, $7, $8, $9, $10) RETURNING "id"[0m  [["name", "MXR M101 Phase 90"], ["effect_type", "phaser"], ["price", 80], ["stereo", false], ["number_of_inputs", 1], ["number_of_outputs", 1], ["image", "https://cdn.shopify.com/s/files/1/0202/0250/products/MXR_Phase90_front-stock.jpg?v=1419892027"], ["category", "modulation"], ["created_at", "2021-08-23 17:02:44.267729"], ["updated_at", "2021-08-23 17:02:44.267729"]]
  [1m[36mTRANSACTION (21.0ms)[0m  [1m[35mCOMMIT[0m
  [1m[36mTRANSACTION (0.2ms)[0m  [1m[35mBEGIN[0m
  [1m[36mPedal Create (0.4ms)[0m  [1m[32mINSERT INTO "pedals" ("name", "effect_type", "price", "stereo", "number_of_inputs", "number_of_outputs", "image", "category", "created_at", "updated_at") VALUES ($1, $2, $3, $4, $5, $6, $7, $8, $9, $10) RETURNING "id"[0m  [["name", "Walrus Audio Polychrome Analog Flanger"], ["effect_type", "flanger"], ["price", 200], ["stereo", false], ["number_of_inputs", 1], ["number_of_outputs", 1], ["image", "https://cdn.shopify.com/s/files/1/0906/8480/files/Polychrome-cutout-front_700_1000x.png?v=1618320071"], ["category", "modulation"], ["created_at", "2021-08-23 17:02:44.306201"], ["updated_at", "2021-08-23 17:02:44.306201"]]
  [1m[36mTRANSACTION (0.4ms)[0m  [1m[35mCOMMIT[0m
  [1m[36mTRANSACTION (0.1ms)[0m  [1m[35mBEGIN[0m
  [1m[36mPedal Create (0.3ms)[0m  [1m[32mINSERT INTO "pedals" ("name", "effect_type", "price", "stereo", "number_of_inputs", "number_of_outputs", "image", "category", "created_at", "updated_at") VALUES ($1, $2, $3, $4, $5, $6, $7, $8, $9, $10) RETURNING "id"[0m  [["name", "Source Audio Vertigo Tremelo"], ["effect_type", "tremelo"], ["price", 170], ["stereo", true], ["number_of_inputs", 2], ["number_of_outputs", 2], ["image", "https://www.bhphotovideo.com/images/images1000x1000/source_audio_sa243_one_series_vertigo_tremolo_1331715.jpg"], ["category", "modulation"], ["created_at", "2021-08-23 17:02:44.321286"], ["updated_at", "2021-08-23 17:02:44.321286"]]
  [1m[36mTRANSACTION (0.6ms)[0m  [1m[35mCOMMIT[0m
  [1m[36mTRANSACTION (0.1ms)[0m  [1m[35mBEGIN[0m
  [1m[36mPedal Create (0.4ms)[0m  [1m[32mINSERT INTO "pedals" ("name", "effect_type", "price", "stereo", "number_of_inputs", "number_of_outputs", "image", "category", "created_at", "updated_at") VALUES ($1, $2, $3, $4, $5, $6, $7, $8, $9, $10) RETURNING "id"[0m  [["name", "Dunlop Cry Baby Standard Wah GCB95"], ["effect_type", "wah-wah"], ["price", 90], ["stereo", false], ["number_of_inputs", 1], ["number_of_outputs", 1], ["image", "https://i.ebayimg.com/images/g/NA4AAOSwzl9f6c5p/s-l640.jpg"], ["category", "modulation"], ["created_at", "2021-08-23 17:02:44.336170"], ["updated_at", "2021-08-23 17:02:44.336170"]]
  [1m[36mTRANSACTION (0.4ms)[0m  [1m[35mCOMMIT[0m
  [1m[36mTRANSACTION (0.1ms)[0m  [1m[35mBEGIN[0m
  [1m[36mPedal Create (0.6ms)[0m  [1m[32mINSERT INTO "pedals" ("name", "effect_type", "price", "stereo", "number_of_inputs", "number_of_outputs", "image", "category", "created_at", "updated_at") VALUES ($1, $2, $3, $4, $5, $6, $7, $8, $9, $10) RETURNING "id"[0m  [["name", "MXR M-102 Dyna Comp Compressor"], ["effect_type", "compressor"], ["price", 80], ["stereo", false], ["number_of_inputs", 1], ["number_of_outputs", 1], ["image", "https://www.pitbullaudio.com/media/catalog/product/1/6/16001102001.main.jpg?quality=100&bg-color=255,255,255&fit=bounds&height=&width="], ["category", "gain"], ["created_at", "2021-08-23 17:02:44.341132"], ["updated_at", "2021-08-23 17:02:44.341132"]]
  [1m[36mTRANSACTION (0.7ms)[0m  [1m[35mCOMMIT[0m
  [1m[36mTRANSACTION (0.2ms)[0m  [1m[35mBEGIN[0m
  [1m[36mPedal Create (0.6ms)[0m  [1m[32mINSERT INTO "pedals" ("name", "effect_type", "price", "stereo", "number_of_inputs", "number_of_outputs", "image", "category", "created_at", "updated_at") VALUES ($1, $2, $3, $4, $5, $6, $7, $8, $9, $10) RETURNING "id"[0m  [["name", "TC Electronic PolyTune Poly-Chromatic Tuner Pedal"], ["effect_type", "reverb"], ["price", 90], ["stereo", false], ["number_of_inputs", 1], ["number_of_outputs", 1], ["image", "https://m.media-amazon.com/images/I/71D+Kk+qkgL._AC_SS450_.jpg"], ["category", "tuner"], ["created_at", "2021-08-23 17:02:44.352232"], ["updated_at", "2021-08-23 17:02:44.352232"]]
  [1m[36mTRANSACTION (0.6ms)[0m  [1m[35mCOMMIT[0m
